[2024-06-14T06:17:16.630+0000] {local_task_job_runner.py:120} INFO - ::group::Pre task execution logs
[2024-06-14T06:17:16.646+0000] {taskinstance.py:2076} INFO - Dependencies all met for dep_context=non-requeueable deps ti=<TaskInstance: Spark_dag.query_job scheduled__2024-06-13T00:00:00+00:00 [queued]>
[2024-06-14T06:17:16.657+0000] {taskinstance.py:2076} INFO - Dependencies all met for dep_context=requeueable deps ti=<TaskInstance: Spark_dag.query_job scheduled__2024-06-13T00:00:00+00:00 [queued]>
[2024-06-14T06:17:16.661+0000] {taskinstance.py:2306} INFO - Starting attempt 2 of 2
[2024-06-14T06:17:16.703+0000] {taskinstance.py:2330} INFO - Executing <Task(SparkSubmitOperator): query_job> on 2024-06-13 00:00:00+00:00
[2024-06-14T06:17:16.722+0000] {standard_task_runner.py:63} INFO - Started process 268 to run task
[2024-06-14T06:17:16.731+0000] {standard_task_runner.py:90} INFO - Running: ['***', 'tasks', 'run', 'Spark_dag', 'query_job', 'scheduled__2024-06-13T00:00:00+00:00', '--job-id', '6', '--raw', '--subdir', 'DAGS_FOLDER/Spark_dag.py', '--cfg-path', '/tmp/tmp9lud9t4u']
[2024-06-14T06:17:16.738+0000] {standard_task_runner.py:91} INFO - Job 6: Subtask query_job
[2024-06-14T06:17:16.860+0000] {task_command.py:426} INFO - Running <TaskInstance: Spark_dag.query_job scheduled__2024-06-13T00:00:00+00:00 [running]> on host c099674506c1
[2024-06-14T06:17:16.994+0000] {taskinstance.py:2648} INFO - Exporting env vars: AIRFLOW_CTX_DAG_OWNER='***' AIRFLOW_CTX_DAG_ID='Spark_dag' AIRFLOW_CTX_TASK_ID='query_job' AIRFLOW_CTX_EXECUTION_DATE='2024-06-13T00:00:00+00:00' AIRFLOW_CTX_TRY_NUMBER='2' AIRFLOW_CTX_DAG_RUN_ID='scheduled__2024-06-13T00:00:00+00:00'
[2024-06-14T06:17:16.998+0000] {taskinstance.py:430} INFO - ::endgroup::
[2024-06-14T06:17:17.041+0000] {spark_submit.py:271} INFO - Could not load connection string Spark_connection, defaulting to yarn
[2024-06-14T06:17:17.043+0000] {spark_submit.py:401} INFO - Spark-Submit cmd: spark-submit --master yarn --conf spark.driver.memory=1g --conf spark.executor.memory=1g --conf spark.executor.instances=1 --name arrow-spark jobs/python/pyspark_test.py
[2024-06-14T06:17:17.170+0000] {spark_submit.py:571} INFO - /home/***/.local/lib/python3.11/site-packages/pyspark/bin/load-spark-env.sh: line 68: ps: command not found
[2024-06-14T06:17:17.175+0000] {spark_submit.py:571} INFO - /home/***/.local/lib/python3.11/site-packages/pyspark/bin/spark-class: line 71: /usr/lib/jvm/java-11-openjdk-arm64/bin/java: No such file or directory
[2024-06-14T06:17:17.180+0000] {spark_submit.py:571} INFO - /home/***/.local/lib/python3.11/site-packages/pyspark/bin/spark-class: line 97: CMD: bad array subscript
[2024-06-14T06:17:17.182+0000] {taskinstance.py:441} INFO - ::group::Post task execution logs
[2024-06-14T06:17:17.191+0000] {taskinstance.py:2905} ERROR - Task failed with exception
Traceback (most recent call last):
  File "/home/airflow/.local/lib/python3.11/site-packages/airflow/models/taskinstance.py", line 465, in _execute_task
    result = _execute_callable(context=context, **execute_callable_kwargs)
             ^^^^^^^^^^^^^^^^^^^^^^^^^^^^^^^^^^^^^^^^^^^^^^^^^^^^^^^^^^^^^
  File "/home/airflow/.local/lib/python3.11/site-packages/airflow/models/taskinstance.py", line 432, in _execute_callable
    return execute_callable(context=context, **execute_callable_kwargs)
           ^^^^^^^^^^^^^^^^^^^^^^^^^^^^^^^^^^^^^^^^^^^^^^^^^^^^^^^^^^^^
  File "/home/airflow/.local/lib/python3.11/site-packages/airflow/models/baseoperator.py", line 401, in wrapper
    return func(self, *args, **kwargs)
           ^^^^^^^^^^^^^^^^^^^^^^^^^^^
  File "/home/airflow/.local/lib/python3.11/site-packages/airflow/providers/apache/spark/operators/spark_submit.py", line 174, in execute
    self._hook.submit(self.application)
  File "/home/airflow/.local/lib/python3.11/site-packages/airflow/providers/apache/spark/hooks/spark_submit.py", line 502, in submit
    raise AirflowException(
airflow.exceptions.AirflowException: Cannot execute: spark-submit --master yarn --conf spark.driver.memory=1g --conf spark.executor.memory=1g --conf spark.executor.instances=1 --name arrow-spark jobs/python/pyspark_test.py. Error code is: 1.
[2024-06-14T06:17:17.201+0000] {taskinstance.py:1206} INFO - Marking task as FAILED. dag_id=Spark_dag, task_id=query_job, run_id=scheduled__2024-06-13T00:00:00+00:00, execution_date=20240613T000000, start_date=20240614T061716, end_date=20240614T061717
[2024-06-14T06:17:17.213+0000] {standard_task_runner.py:110} ERROR - Failed to execute job 6 for task query_job (Cannot execute: spark-submit --master yarn --conf spark.driver.memory=1g --conf spark.executor.memory=1g --conf spark.executor.instances=1 --name arrow-spark jobs/python/pyspark_test.py. Error code is: 1.; 268)
[2024-06-14T06:17:17.247+0000] {local_task_job_runner.py:240} INFO - Task exited with return code 1
[2024-06-14T06:17:17.278+0000] {taskinstance.py:3503} INFO - 0 downstream tasks scheduled from follow-on schedule check
[2024-06-14T06:17:17.283+0000] {local_task_job_runner.py:222} INFO - ::endgroup::
[2024-06-14T06:43:19.892+0000] {local_task_job_runner.py:120} INFO - ::group::Pre task execution logs
[2024-06-14T06:43:19.908+0000] {taskinstance.py:2076} INFO - Dependencies all met for dep_context=non-requeueable deps ti=<TaskInstance: Spark_dag.query_job scheduled__2024-06-13T00:00:00+00:00 [queued]>
[2024-06-14T06:43:19.915+0000] {taskinstance.py:2076} INFO - Dependencies all met for dep_context=requeueable deps ti=<TaskInstance: Spark_dag.query_job scheduled__2024-06-13T00:00:00+00:00 [queued]>
[2024-06-14T06:43:19.918+0000] {taskinstance.py:2306} INFO - Starting attempt 2 of 2
[2024-06-14T06:43:19.935+0000] {taskinstance.py:2330} INFO - Executing <Task(SparkSubmitOperator): query_job> on 2024-06-13 00:00:00+00:00
[2024-06-14T06:43:19.947+0000] {standard_task_runner.py:90} INFO - Running: ['***', 'tasks', 'run', 'Spark_dag', 'query_job', 'scheduled__2024-06-13T00:00:00+00:00', '--job-id', '163', '--raw', '--subdir', 'DAGS_FOLDER/Spark_dag.py', '--cfg-path', '/tmp/tmpye98togk']
[2024-06-14T06:43:19.949+0000] {standard_task_runner.py:91} INFO - Job 163: Subtask query_job
[2024-06-14T06:43:19.951+0000] {logging_mixin.py:188} WARNING - /home/***/.local/lib/python3.12/site-packages/***/task/task_runner/standard_task_runner.py:61 DeprecationWarning: This process (pid=222) is multi-threaded, use of fork() may lead to deadlocks in the child.
[2024-06-14T06:43:19.952+0000] {standard_task_runner.py:63} INFO - Started process 223 to run task
[2024-06-14T06:43:19.981+0000] {task_command.py:426} INFO - Running <TaskInstance: Spark_dag.query_job scheduled__2024-06-13T00:00:00+00:00 [running]> on host 3ebf863eace4
[2024-06-14T06:43:20.028+0000] {taskinstance.py:2648} INFO - Exporting env vars: AIRFLOW_CTX_DAG_OWNER='***' AIRFLOW_CTX_DAG_ID='Spark_dag' AIRFLOW_CTX_TASK_ID='query_job' AIRFLOW_CTX_EXECUTION_DATE='2024-06-13T00:00:00+00:00' AIRFLOW_CTX_TRY_NUMBER='2' AIRFLOW_CTX_DAG_RUN_ID='scheduled__2024-06-13T00:00:00+00:00'
[2024-06-14T06:43:20.029+0000] {taskinstance.py:430} INFO - ::endgroup::
[2024-06-14T06:43:20.065+0000] {base.py:84} INFO - Using connection ID 'Spark_connection' for task execution.
[2024-06-14T06:43:20.067+0000] {spark_submit.py:401} INFO - Spark-Submit cmd: spark-submit --master spark://spark-master:7077 --conf spark.driver.memory=1g --conf spark.executor.memory=1g --conf spark.executor.instances=1 --name arrow-spark --deploy-mode client jobs/python/pyspark_test.py
[2024-06-14T06:43:20.144+0000] {spark_submit.py:571} INFO - /home/***/.local/lib/python3.12/site-packages/pyspark/bin/load-spark-env.sh: line 68: ps: command not found
[2024-06-14T06:43:20.145+0000] {spark_submit.py:571} INFO - JAVA_HOME is not set
[2024-06-14T06:43:20.146+0000] {taskinstance.py:441} INFO - ::group::Post task execution logs
[2024-06-14T06:43:20.154+0000] {taskinstance.py:2905} ERROR - Task failed with exception
Traceback (most recent call last):
  File "/home/airflow/.local/lib/python3.12/site-packages/airflow/models/taskinstance.py", line 465, in _execute_task
    result = _execute_callable(context=context, **execute_callable_kwargs)
             ^^^^^^^^^^^^^^^^^^^^^^^^^^^^^^^^^^^^^^^^^^^^^^^^^^^^^^^^^^^^^
  File "/home/airflow/.local/lib/python3.12/site-packages/airflow/models/taskinstance.py", line 432, in _execute_callable
    return execute_callable(context=context, **execute_callable_kwargs)
           ^^^^^^^^^^^^^^^^^^^^^^^^^^^^^^^^^^^^^^^^^^^^^^^^^^^^^^^^^^^^
  File "/home/airflow/.local/lib/python3.12/site-packages/airflow/models/baseoperator.py", line 401, in wrapper
    return func(self, *args, **kwargs)
           ^^^^^^^^^^^^^^^^^^^^^^^^^^^
  File "/home/airflow/.local/lib/python3.12/site-packages/airflow/providers/apache/spark/operators/spark_submit.py", line 174, in execute
    self._hook.submit(self.application)
  File "/home/airflow/.local/lib/python3.12/site-packages/airflow/providers/apache/spark/hooks/spark_submit.py", line 502, in submit
    raise AirflowException(
airflow.exceptions.AirflowException: Cannot execute: spark-submit --master spark://spark-master:7077 --conf spark.driver.memory=1g --conf spark.executor.memory=1g --conf spark.executor.instances=1 --name arrow-spark --deploy-mode client jobs/python/pyspark_test.py. Error code is: 1.
[2024-06-14T06:43:20.168+0000] {taskinstance.py:1206} INFO - Marking task as FAILED. dag_id=Spark_dag, task_id=query_job, run_id=scheduled__2024-06-13T00:00:00+00:00, execution_date=20240613T000000, start_date=20240614T064319, end_date=20240614T064320
[2024-06-14T06:43:20.178+0000] {standard_task_runner.py:110} ERROR - Failed to execute job 163 for task query_job (Cannot execute: spark-submit --master spark://spark-master:7077 --conf spark.driver.memory=1g --conf spark.executor.memory=1g --conf spark.executor.instances=1 --name arrow-spark --deploy-mode client jobs/python/pyspark_test.py. Error code is: 1.; 223)
[2024-06-14T06:43:20.215+0000] {local_task_job_runner.py:240} INFO - Task exited with return code 1
[2024-06-14T06:43:20.228+0000] {taskinstance.py:3503} INFO - 0 downstream tasks scheduled from follow-on schedule check
[2024-06-14T06:43:20.230+0000] {local_task_job_runner.py:222} INFO - ::endgroup::
[2024-06-14T07:28:13.831+0000] {taskinstance.py:1157} INFO - Dependencies all met for dep_context=non-requeueable deps ti=<TaskInstance: Spark_dag.query_job scheduled__2024-06-13T00:00:00+00:00 [queued]>
[2024-06-14T07:28:13.839+0000] {taskinstance.py:1157} INFO - Dependencies all met for dep_context=requeueable deps ti=<TaskInstance: Spark_dag.query_job scheduled__2024-06-13T00:00:00+00:00 [queued]>
[2024-06-14T07:28:13.840+0000] {taskinstance.py:1359} INFO - Starting attempt 2 of 2
[2024-06-14T07:28:13.848+0000] {taskinstance.py:1380} INFO - Executing <Task(SparkSubmitOperator): query_job> on 2024-06-13 00:00:00+00:00
[2024-06-14T07:28:13.853+0000] {standard_task_runner.py:57} INFO - Started process 306 to run task
[2024-06-14T07:28:13.861+0000] {standard_task_runner.py:84} INFO - Running: ['***', 'tasks', 'run', 'Spark_dag', 'query_job', 'scheduled__2024-06-13T00:00:00+00:00', '--job-id', '38', '--raw', '--subdir', 'DAGS_FOLDER/Spark_dag.py', '--cfg-path', '/tmp/tmpnnl79szf']
[2024-06-14T07:28:13.864+0000] {standard_task_runner.py:85} INFO - Job 38: Subtask query_job
[2024-06-14T07:28:13.914+0000] {task_command.py:415} INFO - Running <TaskInstance: Spark_dag.query_job scheduled__2024-06-13T00:00:00+00:00 [running]> on host 28209c95e1f8
[2024-06-14T07:28:13.972+0000] {taskinstance.py:1660} INFO - Exporting env vars: AIRFLOW_CTX_DAG_OWNER='***' AIRFLOW_CTX_DAG_ID='Spark_dag' AIRFLOW_CTX_TASK_ID='query_job' AIRFLOW_CTX_EXECUTION_DATE='2024-06-13T00:00:00+00:00' AIRFLOW_CTX_TRY_NUMBER='2' AIRFLOW_CTX_DAG_RUN_ID='scheduled__2024-06-13T00:00:00+00:00'
[2024-06-14T07:28:13.980+0000] {spark_submit.py:271} INFO - Could not load connection string Spark_connection, defaulting to yarn
[2024-06-14T07:28:13.982+0000] {spark_submit.py:401} INFO - Spark-Submit cmd: spark-submit --master yarn --conf spark.driver.memory=1g --conf spark.executor.memory=1g --conf spark.executor.instances=1 --name arrow-spark jobs/python/pyspark_test.py
[2024-06-14T07:28:14.082+0000] {spark_submit.py:571} INFO - /home/***/.local/lib/python3.9/site-packages/pyspark/bin/load-spark-env.sh: line 68: ps: command not found
[2024-06-14T07:28:15.447+0000] {spark_submit.py:571} INFO - Exception in thread "main" org.apache.spark.SparkException: When running with master 'yarn' either HADOOP_CONF_DIR or YARN_CONF_DIR must be set in the environment.
[2024-06-14T07:28:15.451+0000] {spark_submit.py:571} INFO - at org.apache.spark.deploy.SparkSubmitArguments.error(SparkSubmitArguments.scala:650)
[2024-06-14T07:28:15.453+0000] {spark_submit.py:571} INFO - at org.apache.spark.deploy.SparkSubmitArguments.validateSubmitArguments(SparkSubmitArguments.scala:281)
[2024-06-14T07:28:15.459+0000] {spark_submit.py:571} INFO - at org.apache.spark.deploy.SparkSubmitArguments.validateArguments(SparkSubmitArguments.scala:237)
[2024-06-14T07:28:15.459+0000] {spark_submit.py:571} INFO - at org.apache.spark.deploy.SparkSubmitArguments.<init>(SparkSubmitArguments.scala:122)
[2024-06-14T07:28:15.461+0000] {spark_submit.py:571} INFO - at org.apache.spark.deploy.SparkSubmit$$anon$2$$anon$3.<init>(SparkSubmit.scala:1103)
[2024-06-14T07:28:15.462+0000] {spark_submit.py:571} INFO - at org.apache.spark.deploy.SparkSubmit$$anon$2.parseArguments(SparkSubmit.scala:1103)
[2024-06-14T07:28:15.463+0000] {spark_submit.py:571} INFO - at org.apache.spark.deploy.SparkSubmit.doSubmit(SparkSubmit.scala:86)
[2024-06-14T07:28:15.463+0000] {spark_submit.py:571} INFO - at org.apache.spark.deploy.SparkSubmit$$anon$2.doSubmit(SparkSubmit.scala:1120)
[2024-06-14T07:28:15.464+0000] {spark_submit.py:571} INFO - at org.apache.spark.deploy.SparkSubmit$.main(SparkSubmit.scala:1129)
[2024-06-14T07:28:15.465+0000] {spark_submit.py:571} INFO - at org.apache.spark.deploy.SparkSubmit.main(SparkSubmit.scala)
[2024-06-14T07:28:15.496+0000] {taskinstance.py:1935} ERROR - Task failed with exception
Traceback (most recent call last):
  File "/home/airflow/.local/lib/python3.9/site-packages/airflow/providers/apache/spark/operators/spark_submit.py", line 174, in execute
    self._hook.submit(self.application)
  File "/home/airflow/.local/lib/python3.9/site-packages/airflow/providers/apache/spark/hooks/spark_submit.py", line 502, in submit
    raise AirflowException(
airflow.exceptions.AirflowException: Cannot execute: spark-submit --master yarn --conf spark.driver.memory=1g --conf spark.executor.memory=1g --conf spark.executor.instances=1 --name arrow-spark jobs/python/pyspark_test.py. Error code is: 1.
[2024-06-14T07:28:15.507+0000] {taskinstance.py:1398} INFO - Marking task as FAILED. dag_id=Spark_dag, task_id=query_job, execution_date=20240613T000000, start_date=20240614T072813, end_date=20240614T072815
[2024-06-14T07:28:15.524+0000] {standard_task_runner.py:104} ERROR - Failed to execute job 38 for task query_job (Cannot execute: spark-submit --master yarn --conf spark.driver.memory=1g --conf spark.executor.memory=1g --conf spark.executor.instances=1 --name arrow-spark jobs/python/pyspark_test.py. Error code is: 1.; 306)
[2024-06-14T07:28:15.570+0000] {local_task_job_runner.py:228} INFO - Task exited with return code 1
[2024-06-14T07:28:15.595+0000] {taskinstance.py:2776} INFO - 0 downstream tasks scheduled from follow-on schedule check
[2024-06-14T07:51:45.678+0000] {taskinstance.py:1157} INFO - Dependencies all met for dep_context=non-requeueable deps ti=<TaskInstance: Spark_dag.query_job scheduled__2024-06-13T00:00:00+00:00 [queued]>
[2024-06-14T07:51:45.695+0000] {taskinstance.py:1157} INFO - Dependencies all met for dep_context=requeueable deps ti=<TaskInstance: Spark_dag.query_job scheduled__2024-06-13T00:00:00+00:00 [queued]>
[2024-06-14T07:51:45.697+0000] {taskinstance.py:1359} INFO - Starting attempt 2 of 2
[2024-06-14T07:51:45.711+0000] {taskinstance.py:1380} INFO - Executing <Task(SparkSubmitOperator): query_job> on 2024-06-13 00:00:00+00:00
[2024-06-14T07:51:45.737+0000] {standard_task_runner.py:57} INFO - Started process 403 to run task
[2024-06-14T07:51:45.758+0000] {standard_task_runner.py:84} INFO - Running: ['***', 'tasks', 'run', 'Spark_dag', 'query_job', 'scheduled__2024-06-13T00:00:00+00:00', '--job-id', '6', '--raw', '--subdir', 'DAGS_FOLDER/Spark_dag.py', '--cfg-path', '/tmp/tmpsy1j8fm6']
[2024-06-14T07:51:45.772+0000] {standard_task_runner.py:85} INFO - Job 6: Subtask query_job
[2024-06-14T07:51:45.933+0000] {task_command.py:415} INFO - Running <TaskInstance: Spark_dag.query_job scheduled__2024-06-13T00:00:00+00:00 [running]> on host 963b3fbfa4c9
[2024-06-14T07:51:46.069+0000] {taskinstance.py:1660} INFO - Exporting env vars: AIRFLOW_CTX_DAG_OWNER='***' AIRFLOW_CTX_DAG_ID='Spark_dag' AIRFLOW_CTX_TASK_ID='query_job' AIRFLOW_CTX_EXECUTION_DATE='2024-06-13T00:00:00+00:00' AIRFLOW_CTX_TRY_NUMBER='2' AIRFLOW_CTX_DAG_RUN_ID='scheduled__2024-06-13T00:00:00+00:00'
[2024-06-14T07:51:46.092+0000] {spark_submit.py:271} INFO - Could not load connection string Spark_connection, defaulting to yarn
[2024-06-14T07:51:46.095+0000] {spark_submit.py:401} INFO - Spark-Submit cmd: spark-submit --master yarn --conf spark.driver.memory=1g --conf spark.executor.memory=1g --conf spark.executor.instances=1 --name arrow-spark jobs/python/pyspark_test.py
[2024-06-14T07:51:46.355+0000] {spark_submit.py:571} INFO - /home/***/.local/lib/python3.9/site-packages/pyspark/bin/load-spark-env.sh: line 68: ps: command not found
[2024-06-14T07:51:50.600+0000] {spark_submit.py:571} INFO - Exception in thread "main" org.apache.spark.SparkException: When running with master 'yarn' either HADOOP_CONF_DIR or YARN_CONF_DIR must be set in the environment.
[2024-06-14T07:51:50.637+0000] {spark_submit.py:571} INFO - at org.apache.spark.deploy.SparkSubmitArguments.error(SparkSubmitArguments.scala:650)
[2024-06-14T07:51:50.649+0000] {spark_submit.py:571} INFO - at org.apache.spark.deploy.SparkSubmitArguments.validateSubmitArguments(SparkSubmitArguments.scala:281)
[2024-06-14T07:51:50.652+0000] {spark_submit.py:571} INFO - at org.apache.spark.deploy.SparkSubmitArguments.validateArguments(SparkSubmitArguments.scala:237)
[2024-06-14T07:51:50.653+0000] {spark_submit.py:571} INFO - at org.apache.spark.deploy.SparkSubmitArguments.<init>(SparkSubmitArguments.scala:122)
[2024-06-14T07:51:50.656+0000] {spark_submit.py:571} INFO - at org.apache.spark.deploy.SparkSubmit$$anon$2$$anon$3.<init>(SparkSubmit.scala:1094)
[2024-06-14T07:51:50.656+0000] {spark_submit.py:571} INFO - at org.apache.spark.deploy.SparkSubmit$$anon$2.parseArguments(SparkSubmit.scala:1094)
[2024-06-14T07:51:50.658+0000] {spark_submit.py:571} INFO - at org.apache.spark.deploy.SparkSubmit.doSubmit(SparkSubmit.scala:86)
[2024-06-14T07:51:50.659+0000] {spark_submit.py:571} INFO - at org.apache.spark.deploy.SparkSubmit$$anon$2.doSubmit(SparkSubmit.scala:1111)
[2024-06-14T07:51:50.664+0000] {spark_submit.py:571} INFO - at org.apache.spark.deploy.SparkSubmit$.main(SparkSubmit.scala:1120)
[2024-06-14T07:51:50.668+0000] {spark_submit.py:571} INFO - at org.apache.spark.deploy.SparkSubmit.main(SparkSubmit.scala)
[2024-06-14T07:51:50.768+0000] {taskinstance.py:1935} ERROR - Task failed with exception
Traceback (most recent call last):
  File "/home/airflow/.local/lib/python3.9/site-packages/airflow/providers/apache/spark/operators/spark_submit.py", line 174, in execute
    self._hook.submit(self.application)
  File "/home/airflow/.local/lib/python3.9/site-packages/airflow/providers/apache/spark/hooks/spark_submit.py", line 502, in submit
    raise AirflowException(
airflow.exceptions.AirflowException: Cannot execute: spark-submit --master yarn --conf spark.driver.memory=1g --conf spark.executor.memory=1g --conf spark.executor.instances=1 --name arrow-spark jobs/python/pyspark_test.py. Error code is: 1.
[2024-06-14T07:51:50.811+0000] {taskinstance.py:1398} INFO - Marking task as FAILED. dag_id=Spark_dag, task_id=query_job, execution_date=20240613T000000, start_date=20240614T075145, end_date=20240614T075150
[2024-06-14T07:51:50.861+0000] {standard_task_runner.py:104} ERROR - Failed to execute job 6 for task query_job (Cannot execute: spark-submit --master yarn --conf spark.driver.memory=1g --conf spark.executor.memory=1g --conf spark.executor.instances=1 --name arrow-spark jobs/python/pyspark_test.py. Error code is: 1.; 403)
[2024-06-14T07:51:50.902+0000] {local_task_job_runner.py:228} INFO - Task exited with return code 1
[2024-06-14T07:51:50.938+0000] {taskinstance.py:2776} INFO - 0 downstream tasks scheduled from follow-on schedule check
